<?xml version="1.0" encoding="UTF-8"?>
<!-- Generated by org.testng.reporters.JUnitXMLReporter -->
<testsuite hostname="DESKTOP-H2GN6IE" ignored="1" name="Test1" tests="2" failures="0" timestamp="11 Oct 2020 13:53:56 GMT" time="0.062" errors="0">
  <testcase name="testprintExitMessage" time="0.003" classname="com.cmpnyname.projectname.GroupTest"/>
  <testcase name="testprintMessage" time="0.0" classname="com.cmpnyname.projectname.GroupTest"/>
  <testcase name="testprintSalMessage" time="0.0" classname="com.cmpnyname.projectname.GroupTest">
    <ignored/>
  </testcase> <!-- testprintSalMessage -->
</testsuite> <!-- Test1 -->
