<?xml version="1.0" encoding="UTF-8"?>
<testng-results skipped="0" failed="0" ignored="0" total="2" passed="2">
  <reporter-output>
  </reporter-output>
  <suite name="Regression" duration-ms="19310" started-at="2020-11-03T03:25:56Z" finished-at="2020-11-03T03:26:16Z">
    <groups>
    </groups>
    <test name="Chrome Tests" duration-ms="19310" started-at="2020-11-03T03:25:56Z" finished-at="2020-11-03T03:26:16Z">
      <class name="com.cmpnyname.projectname.LoginTest">
        <test-method status="PASS" signature="setDriverProperties(java.lang.String)[pri:0, instance:com.cmpnyname.projectname.LoginTest@2aa5fe93]" name="setDriverProperties" is-config="true" duration-ms="7281" started-at="2020-11-03T03:25:49Z" finished-at="2020-11-03T03:25:56Z">
          <params>
            <param index="0">
              <value>
                <![CDATA[chrome]]>
              </value>
            </param>
          </params>
          <reporter-output>
          </reporter-output>
        </test-method> <!-- setDriverProperties -->
        <test-method status="PASS" signature="loadPropertiesFile()[pri:0, instance:com.cmpnyname.projectname.LoginTest@2aa5fe93]" name="loadPropertiesFile" is-config="true" duration-ms="4" started-at="2020-11-03T03:25:56Z" finished-at="2020-11-03T03:25:56Z">
          <reporter-output>
          </reporter-output>
        </test-method> <!-- loadPropertiesFile -->
        <test-method status="PASS" signature="PositiveLoginTest(java.lang.String, java.lang.String)[pri:1, instance:com.cmpnyname.projectname.LoginTest@2aa5fe93]" name="PositiveLoginTest" duration-ms="11201" started-at="2020-11-03T03:25:58Z" description="Positive Test" data-provider="feeder" finished-at="2020-11-03T03:26:09Z">
          <params>
            <param index="0">
              <value>
                <![CDATA[reny]]>
              </value>
            </param>
            <param index="1">
              <value>
                <![CDATA[renylopez]]>
              </value>
            </param>
          </params>
          <reporter-output>
          </reporter-output>
        </test-method> <!-- PositiveLoginTest -->
        <test-method status="PASS" signature="PositiveLoginTest(java.lang.String, java.lang.String)[pri:1, instance:com.cmpnyname.projectname.LoginTest@2aa5fe93]" name="PositiveLoginTest" duration-ms="6820" started-at="2020-11-03T03:26:09Z" description="Positive Test" data-provider="feeder" finished-at="2020-11-03T03:26:16Z">
          <params>
            <param index="0">
              <value>
                <![CDATA[def]]>
              </value>
            </param>
            <param index="1">
              <value>
                <![CDATA[fff]]>
              </value>
            </param>
          </params>
          <reporter-output>
          </reporter-output>
        </test-method> <!-- PositiveLoginTest -->
        <test-method status="PASS" signature="quitDriver()[pri:0, instance:com.cmpnyname.projectname.LoginTest@2aa5fe93]" name="quitDriver" is-config="true" duration-ms="895" started-at="2020-11-03T03:26:16Z" finished-at="2020-11-03T03:26:17Z">
          <reporter-output>
          </reporter-output>
        </test-method> <!-- quitDriver -->
      </class> <!-- com.cmpnyname.projectname.LoginTest -->
    </test> <!-- Chrome Tests -->
  </suite> <!-- Regression -->
</testng-results>
